usage: uw ecflow realize [-h] [--version] [--config-file PATH]
                         [--output-dir PATH] [--scripts-dir PATH] [--quiet]
                         [--verbose]

Realize an ecFlow suite definition

Optional arguments:
  -h, --help
      Show help and exit
  --version
      Show version info and exit
  --config-file PATH, -c PATH
      Path to UW YAML config file (default: read from stdin)
  --output-dir PATH
      Path to output directory for suite definition (default: write to stdout)
  --scripts-dir PATH
      Path to output directory for ecf scripts (default: no scripts are
      generated)
  --quiet, -q
      Print no logging messages
  --verbose, -v
      Print all logging messages
