usage: uw jedi [-h] [--version] [--show-schema] TASK ...

Execute jedi tasks

Optional arguments:
  -h, --help
      Show help and exit
  --version
      Show version info and exit
  --show-schema
      Show driver schema and exit

Positional arguments:
  TASK
    configuration_file
      The executable's YAML configuration file
    files_copied
      Files copied for run
    files_hardlinked
      Files hard-linked for run
    files_linked
      Files linked for run
    provisioned_rundir
      Run directory provisioned with all required content
    run
      A run
    runscript
      The runscript
    show_output
      Show the output to be created by this component
    validate
      Validate the UW driver config
    validate_only
      Validate JEDI config YAML
