usage: uw jedi run --cycle CYCLE [-h] [--version] [--config-file PATH]
                   [--batch] [--dry-run] [--graph-file PATH] [--quiet]
                   [--verbose]

A run

Required arguments:
  --cycle CYCLE
      The cycle in ISO8601 format (e.g. 2024-05-21T00)

Optional arguments:
  -h, --help
      Show help and exit
  --version
      Show version info and exit
  --config-file PATH, -c PATH
      Path to UW YAML config file (default: read from stdin)
  --batch
      Submit run to batch scheduler
  --dry-run
      Only log info, making no changes
  --graph-file PATH
      Path to Graphviz DOT output [experimental]
  --quiet, -q
      Print no logging messages
  --verbose, -v
      Print all logging messages
