[2024-05-22T17:56:10]     INFO Validating config against internal schema files-to-stage
[2024-05-22T17:56:10]     INFO 0 UW schema-validation errors found
[2024-05-22T17:56:10]     INFO File links: Initial state: Pending
[2024-05-22T17:56:10]     INFO File links: Checking requirements
[2024-05-22T17:56:10]     INFO Link dst-link/foo -> src/foo: Initial state: Pending
[2024-05-22T17:56:10]     INFO Link dst-link/foo -> src/foo: Checking requirements
[2024-05-22T17:56:10]     INFO Link dst-link/foo -> src/foo: Requirement(s) ready
[2024-05-22T17:56:10]     INFO Link dst-link/foo -> src/foo: Executing
[2024-05-22T17:56:10]     INFO Link dst-link/foo -> src/foo: Final state: Ready
[2024-05-22T17:56:10]     INFO Link dst-link/subdir/bar -> src/bar: Initial state: Pending
[2024-05-22T17:56:10]     INFO Link dst-link/subdir/bar -> src/bar: Checking requirements
[2024-05-22T17:56:10]     INFO Link dst-link/subdir/bar -> src/bar: Requirement(s) ready
[2024-05-22T17:56:10]     INFO Link dst-link/subdir/bar -> src/bar: Executing
[2024-05-22T17:56:10]     INFO Link dst-link/subdir/bar -> src/bar: Final state: Ready
[2024-05-22T17:56:10]     INFO File links: Final state: Ready

dst-link
├── foo -> ../src/foo
└── subdir
    └── bar -> ../../src/bar

2 directories, 2 files
