usage: uw mpas [-h] [--version] [--show-schema] TASK ...

Execute mpas tasks

Optional arguments:
  -h, --help
      Show help and exit
  --version
      Show version info and exit
  --show-schema
      Show driver schema and exit

Positional arguments:
  TASK
    boundary_files
      Boundary files
    files_copied
      Files copied for run
    files_linked
      Files linked for run
    namelist_file
      The namelist file
    provisioned_rundir
      Run directory provisioned with all required content
    run
      A run
    runscript
      The runscript
    show_output
      Show the output to be created by this component
    streams_file
      The streams file
    validate
      Validate the UW driver config
