usage: uw template render [-h] [--version] [--input-file PATH]
                          [--output-file PATH] [--values-file PATH]
                          [--values-format {ini,nml,sh,yaml}] [--env]
                          [--search-path PATH[:PATH:...]] [--values-needed]
                          [--dry-run] [--quiet] [--verbose]
                          [KEY=VALUE ...]

Render a template

Optional arguments:
  -h, --help
      Show help and exit
  --version
      Show version info and exit
  --input-file PATH, -i PATH
      Path to input file (default: read from stdin)
  --output-file PATH, -o PATH
      Path to output file (default: write to stdout)
  --values-file PATH
      Path to file providing override or interpolation values
  --values-format {ini,nml,sh,yaml}
      Values format
  --env
      Use environment variables
  --search-path PATH[:PATH:...]
      Colon-separated paths to search for extra templates
  --values-needed
      Print report of values needed to render template
  --dry-run
      Only log info, making no changes
  --quiet, -q
      Print no logging messages
  --verbose, -v
      Print all logging messages
  KEY=VALUE
      A key=value pair to override/supplement config
