usage: uw filter_topo [-h] [--version] [--show-schema] TASK ...

Execute filter_topo tasks

Optional arguments:
  -h, --help
      Show help and exit
  --version
      Show version info and exit
  --show-schema
      Show driver schema and exit

Positional arguments:
  TASK
    input_grid_file
      The input grid file
    namelist_file
      The namelist file
    provisioned_rundir
      Run directory provisioned with all required content
    run
      A run
    runscript
      The runscript
    validate
      Validate the UW driver config
