{
  "properties": {
    "make_hgrid": {
      "additionalProperties": false,
      "properties": {
        "config": {
          "additionalProperties": false,
          "allOf": [
            {
              "if": {
                "properties": {
                  "grid_type": {
                    "const": "from_file"
                  }
                }
              },
              "then": {
                "required": [
                  "my_grid_file"
                ]
Exception ignored in: <_io.TextIOWrapper name='<stdout>' mode='w' encoding='utf-8'>
BrokenPipeError: [Errno 32] Broken pipe
