[2025-02-15T18:17:55]     INFO Validating config against internal schema: files-to-stage
[2025-02-15T18:17:55]     INFO 0 schema-validation errors found in fs config
[2025-02-15T18:17:55]     INFO File src/foo: Ready
[2025-02-15T18:17:55]     INFO File src/bar: Ready
[2025-02-15T18:17:55]     INFO Copy src/foo -> dst/copy-glob/dst/foo: Executing
[2025-02-15T18:17:55]     INFO Copy src/foo -> dst/copy-glob/dst/foo: Ready
[2025-02-15T18:17:55]     INFO Copy src/bar -> dst/copy-glob/dst/bar: Executing
[2025-02-15T18:17:55]     INFO Copy src/bar -> dst/copy-glob/dst/bar: Ready
[2025-02-15T18:17:55]     INFO File copies: Ready
{
  "not-ready": [],
  "ready": [
    "dst/copy-glob/dst/foo",
    "dst/copy-glob/dst/bar"
  ]
}

dst/copy-glob
└── dst
    ├── bar
    └── foo

2 directories, 2 files
