[2024-08-29T14:50:35]     INFO Validating config against internal schema: files-to-stage
[2024-08-29T14:50:35]     INFO 0 UW schema-validation errors found in fs config
[2024-08-29T14:50:35]     INFO File copies: Initial state: Not Ready
[2024-08-29T14:50:35]     INFO File copies: Checking requirements
[2024-08-29T14:50:35]     INFO Copy src/foo -> copy-dst/foo: Initial state: Not Ready
[2024-08-29T14:50:35]     INFO Copy src/foo -> copy-dst/foo: Checking requirements
[2024-08-29T14:50:35]     INFO Copy src/foo -> copy-dst/foo: Requirement(s) ready
[2024-08-29T14:50:35]     INFO Copy src/foo -> copy-dst/foo: Executing
[2024-08-29T14:50:36]     INFO Copy src/foo -> copy-dst/foo: Final state: Ready
[2024-08-29T14:50:36]     INFO Copy src/bar -> copy-dst/subdir/bar: Initial state: Not Ready
[2024-08-29T14:50:36]     INFO Copy src/bar -> copy-dst/subdir/bar: Checking requirements
[2024-08-29T14:50:36]     INFO Copy src/bar -> copy-dst/subdir/bar: Requirement(s) ready
[2024-08-29T14:50:36]     INFO Copy src/bar -> copy-dst/subdir/bar: Executing
[2024-08-29T14:50:36]     INFO Copy src/bar -> copy-dst/subdir/bar: Final state: Ready
[2024-08-29T14:50:36]     INFO File copies: Final state: Ready

copy-dst
├── foo
└── subdir
    └── bar

2 directories, 2 files
