[2025-03-28T21:56:59]     INFO Validating config against internal schema: files-to-stage
[2025-03-28T21:56:59]     INFO 0 schema-validation errors found in fs config
[2025-03-28T21:57:00]  WARNING Ignoring directory src/20240529
[2025-03-28T21:57:00]     INFO Local src/bar -> dst/copy-glob/dst/bar: Executing
[2025-03-28T21:57:00]     INFO Local src/bar -> dst/copy-glob/dst/bar: Ready
[2025-03-28T21:57:00]     INFO Local src/foo -> dst/copy-glob/dst/foo: Executing
[2025-03-28T21:57:00]     INFO Local src/foo -> dst/copy-glob/dst/foo: Ready
[2025-03-28T21:57:00]     INFO Copy src/bar -> dst/copy-glob/dst/bar: Ready
[2025-03-28T21:57:00]     INFO Copy src/foo -> dst/copy-glob/dst/foo: Ready
[2025-03-28T21:57:00]     INFO File copies: Ready
{
  "not-ready": [],
  "ready": [
    "dst/copy-glob/dst/bar",
    "dst/copy-glob/dst/foo"
  ]
}

dst/copy-glob
└── dst
    ├── bar
    └── foo

2 directories, 2 files
