[2024-08-26T23:03:46]     INFO Validating config against internal schema: makedirs
[2024-08-26T23:03:46]     INFO 0 UW schema-validation errors found in fs config
[2024-08-26T23:03:46]     INFO Directories: Initial state: Not Ready
[2024-08-26T23:03:46]     INFO Directories: Checking requirements
[2024-08-26T23:03:46]     INFO Directory makedirs-parent-timedep/foo/20240529/12/006/bar: Initial state: Not Ready
[2024-08-26T23:03:46]     INFO Directory makedirs-parent-timedep/foo/20240529/12/006/bar: Checking requirements
[2024-08-26T23:03:46]     INFO Directory makedirs-parent-timedep/foo/20240529/12/006/bar: Requirement(s) ready
[2024-08-26T23:03:46]     INFO Directory makedirs-parent-timedep/foo/20240529/12/006/bar: Executing
[2024-08-26T23:03:46]     INFO Directory makedirs-parent-timedep/foo/20240529/12/006/bar: Final state: Ready
[2024-08-26T23:03:46]     INFO Directory makedirs-parent-timedep/baz/20240529/12/006/qux: Initial state: Not Ready
[2024-08-26T23:03:46]     INFO Directory makedirs-parent-timedep/baz/20240529/12/006/qux: Checking requirements
[2024-08-26T23:03:46]     INFO Directory makedirs-parent-timedep/baz/20240529/12/006/qux: Requirement(s) ready
[2024-08-26T23:03:46]     INFO Directory makedirs-parent-timedep/baz/20240529/12/006/qux: Executing
[2024-08-26T23:03:46]     INFO Directory makedirs-parent-timedep/baz/20240529/12/006/qux: Final state: Ready
[2024-08-26T23:03:46]     INFO Directories: Final state: Ready

makedirs-parent-timedep/
├── baz/
│   └── 20240529/
│       └── 12/
│           └── 006/
│               └── qux/
└── foo/
    └── 20240529/
        └── 12/
            └── 006/
                └── bar/

11 directories, 0 files
