usage: uw esg_grid [-h] [--version] [--show-schema] TASK ...

Execute esg_grid tasks

Optional arguments:
  -h, --help
      Show help and exit
  --version
      Show version info and exit
  --show-schema
      Show driver schema and exit

Positional arguments:
  TASK
    namelist_file
      The namelist file
    provisioned_rundir
      Run directory provisioned with all required content
    run
      A run
    runscript
      The runscript
    show_output
      Show the output to be created by this component
    validate
      Validate the UW driver config
