{
  "properties": {
    "mpas_init": {
      "additionalProperties": false,
      "properties": {
        "boundary_conditions": {
          "additionalProperties": false,
          "properties": {
            "interval_hours": {
              "minimum": 1,
              "type": "integer"
            },
            "length": {
              "minimum": 1,
              "type": "integer"
            },
            "offset": {
              "minimum": 0,
              "type": "integer"
            },
