usage: uw fv3 [-h] [--version] [--show-schema] TASK ...

Execute fv3 tasks

Optional arguments:
  -h, --help
      Show help and exit
  --version
      Show version info and exit
  --show-schema
      Show driver schema and exit

Positional arguments:
  TASK
    boundary_files
      Lateral boundary-condition files
    diag_table
      The diag_table file
    field_table
      The field_table file
    files_copied
      Files copied for run
    files_hardlinked
      Files hardlinked for run
    files_linked
      Files linked for run
    model_configure
      The model_configure file
    namelist_file
      The namelist file
    provisioned_rundir
      Run directory provisioned with all required content
    restart_directory
      The RESTART directory
    run
      A run
    runscript
      The runscript
    show_output
      Show the output to be created by this component
    validate
      Validate the UW driver config
