usage: uw config compare --file-1-path PATH --file-2-path PATH [-h]
                         [--version] [--file-1-format {ini,nml,sh,yaml}]
                         [--file-2-format {ini,nml,sh,yaml}] [--quiet]
                         [--verbose]

Compare configs

Required arguments:
  --file-1-path PATH
      Path to file 1
  --file-2-path PATH
      Path to file 2

Optional arguments:
  -h, --help
      Show help and exit
  --version
      Show version info and exit
  --file-1-format {ini,nml,sh,yaml}
      Format of file 1
  --file-2-format {ini,nml,sh,yaml}
      Format of file 2
  --quiet, -q
      Print no logging messages
  --verbose, -v
      Print all logging messages
