[2024-05-23T14:55:49]    DEBUG Command: uw config realize --input-format yaml --output-format yaml --verbose
[2024-05-23T14:55:49]    DEBUG Reading input from stdin
[2024-05-23T14:55:49]    DEBUG Dereferencing, current value:
[2024-05-23T14:55:49]    DEBUG   hello: '{{ recipient }}'
[2024-05-23T14:55:49]    DEBUG   recipient: world
[2024-05-23T14:55:49]    DEBUG [dereference] Rendering: {{ recipient }}
[2024-05-23T14:55:49]    DEBUG [dereference] Rendered: world
[2024-05-23T14:55:49]    DEBUG [dereference] Rendering: hello
[2024-05-23T14:55:49]    DEBUG [dereference] Rendered: hello
[2024-05-23T14:55:49]    DEBUG [dereference] Rendering: world
[2024-05-23T14:55:49]    DEBUG [dereference] Rendered: world
[2024-05-23T14:55:49]    DEBUG [dereference] Rendering: recipient
[2024-05-23T14:55:49]    DEBUG [dereference] Rendered: recipient
[2024-05-23T14:55:49]    DEBUG Dereferencing, current value:
[2024-05-23T14:55:49]    DEBUG   hello: world
[2024-05-23T14:55:49]    DEBUG   recipient: world
[2024-05-23T14:55:49]    DEBUG [dereference] Rendering: world
[2024-05-23T14:55:49]    DEBUG [dereference] Rendered: world
[2024-05-23T14:55:49]    DEBUG [dereference] Rendering: hello
[2024-05-23T14:55:49]    DEBUG [dereference] Rendered: hello
[2024-05-23T14:55:49]    DEBUG [dereference] Rendering: world
[2024-05-23T14:55:49]    DEBUG [dereference] Rendered: world
[2024-05-23T14:55:49]    DEBUG [dereference] Rendering: recipient
[2024-05-23T14:55:49]    DEBUG [dereference] Rendered: recipient
[2024-05-23T14:55:49]    DEBUG Dereferencing, final value:
[2024-05-23T14:55:49]    DEBUG   hello: world
[2024-05-23T14:55:49]    DEBUG   recipient: world
[2024-05-23T14:55:49]    DEBUG Writing output to stdout
hello: world
recipient: world
