usage: uw orog [-h] [--version] [--show-schema] TASK ...

Execute orog tasks

Optional arguments:
  -h, --help
      Show help and exit
  --version
      Show version info and exit
  --show-schema
      Show driver schema and exit

Positional arguments:
  TASK
    files_linked
      Files linked for run
    grid_file
      The input grid file
    input_config_file
      The input config file
    provisioned_rundir
      Run directory provisioned with all required content
    run
      A run
    runscript
      The runscript
    show_output
      Show the output to be created by this component
    validate
      Validate the UW driver config
