{
  "properties": {
    "sfc_climo_gen": {
      "additionalProperties": false,
      "properties": {
        "execution": {
          "additionalProperties": false,
          "properties": {
            "batchargs": {
              "additionalProperties": true,
              "properties": {
                "account": {
                  "type": "string"
                },
                "clusters": {
                  "type": "string"
                },
                "cores": {
                  "type": "integer"
                },
