usage: uw upp [-h] [--version] TASK ...

Execute upp tasks

Optional arguments:
  -h, --help
      Show help and exit
  --version
      Show version info and exit

Positional arguments:
  TASK
    files_copied
      Files copied for run
    files_linked
      Files linked for run
    namelist_file
      The namelist file
    provisioned_run_directory
      Run directory provisioned with all required content
    run
      A run
    runscript
      The runscript
    validate
      Validate the UW driver config
