usage: uw upp run --cycle CYCLE --leadtime LEADTIME [-h] [--version]
                  [--config-file PATH] [--batch] [--dry-run]
                  [--graph-file PATH] [--quiet] [--verbose]

A run

Required arguments:
  --cycle CYCLE
      The cycle in ISO8601 format (e.g. 2024-05-23T00)
  --leadtime LEADTIME
      The leadtime as HH[:MM[:SS]]

Optional arguments:
  -h, --help
      Show help and exit
  --version
      Show version info and exit
  --config-file PATH, -c PATH
      Path to UW YAML config file (default: read from stdin)
  --batch
      Submit run to batch scheduler
  --dry-run
      Only log info, making no changes
  --graph-file PATH
      Path to Graphviz DOT output [experimental]
  --quiet, -q
      Print no logging messages
  --verbose, -v
      Print all logging messages
