{
  "properties": {
    "upp": {
      "additionalProperties": false,
      "properties": {
        "control_file": {
          "type": "string"
        },
        "execution": {
          "additionalProperties": false,
          "properties": {
            "batchargs": {
              "additionalProperties": true,
              "properties": {
                "account": {
                  "type": "string"
                },
                "clusters": {
                  "type": "string"
                },
