usage: uw global_equiv_resol [-h] [--version] [--show-schema] TASK ...

Execute global_equiv_resol tasks

Optional arguments:
  -h, --help
      Show help and exit
  --version
      Show version info and exit
  --show-schema
      Show driver schema and exit

Positional arguments:
  TASK
    input_file
      Ensure the specified input grid file exists
    provisioned_rundir
      Run directory provisioned with all required content
    run
      A run
    runscript
      The runscript
    show_output
      Show the output to be created by this component
    validate
      Validate the UW driver config
